Arguments: 
  /Users/Mi/.nvm/versions/node/v16.6.2/bin/node /Users/mi/.yarn/bin/yarn.js

PATH: 
  /Users/mi/.yarn/bin:/Users/mi/.config/yarn/global/node_modules/.bin:/Users/mi/.nvm/versions/node/v16.6.2/bin:/usr/local/bin:/usr/bin:/bin:/usr/sbin:/sbin

Yarn version: 
  1.22.5

Node version: 
  16.6.2

Platform: 
  darwin arm64

Trace: 
  Error: https://registry.yarnpkg.com/@typescript-eslint%2feslint-plugin: ESOCKETTIMEDOUT
      at ClientRequest.<anonymous> (/Users/mi/.yarn/lib/cli.js:141376:19)
      at Object.onceWrapper (node:events:513:28)
      at ClientRequest.emit (node:events:394:28)
      at TLSSocket.emitRequestTimeout (node:_http_client:761:9)
      at Object.onceWrapper (node:events:513:28)
      at TLSSocket.emit (node:events:406:35)
      at TLSSocket.Socket._onTimeout (node:net:486:8)
      at listOnTimeout (node:internal/timers:557:17)
      at processTimers (node:internal/timers:500:7)

npm manifest: 
  {
    "name": "card",
    "version": "1.0.0",
    "private": true,
    "description": "card-taro",
    "main": "index.js",
    "scripts": {
      "build:weapp": "taro build --type weapp",
      "build:h5": "taro build --type h5",
      "dev:weapp": "npm run build:weapp -- --watch",
      "dev:h5": "npm run build:h5 -- --watch",
      "test": "eslint src/ --ext .tsx"
    },
    "author": "",
    "license": "MIT",
    "dependencies": {
      "@tarojs/components": "^3.2.10",
      "@tarojs/react": "^3.2.10",
      "@tarojs/runtime": "^3.2.10",
      "@tarojs/taro": "^3.2.10",
      "@tarojs/webpack-runner": "^3.2.10",
      "react": "^16.12.0",
      "react-dom": "^17.0.2",
      "timeago.js": "^3.0.2",
      "wx-server-sdk": "^2.5.3"
    },
    "devDependencies": {
      "@babel/core": "^7.8.0",
      "@tarojs/mini-runner": "^3.2.10",
      "@types/node": "^10.5.8",
      "@types/react": "^16.4.8",
      "@types/redux-actions": "^2.3.0",
      "@types/webpack-env": "^1.13.6",
      "@typescript-eslint/eslint-plugin": "^4.26.1",
      "babel-preset-taro": "3.2.10",
      "eslint": "^6.8.0",
      "eslint-config-taro": "3.2.10",
      "eslint-plugin-import": "^2.12.0",
      "eslint-plugin-react": "^7.8.2",
      "eslint-plugin-react-hooks": "^1.6.1",
      "stylelint": "9.3.0",
      "typescript": "^3.8.2"
    }
  }

yarn manifest: 
  No manifest

Lockfile: 
  No lockfile
